<?xml version="1.0" encoding="UTF-8"?>
<testsuite name="com.projectmanagementsaas.auth.service.AuthServiceTest" tests="5" skipped="0" failures="0" errors="0" timestamp="2026-06-07T01:37:48.862Z" hostname="tejamaheshs-MacBook-Pro.local" time="0.845">
  <properties/>
  <testcase name="registerRejectsDuplicateEmail()" classname="com.projectmanagementsaas.auth.service.AuthServiceTest" time="0.539"/>
  <testcase name="registerCreatesUserWithDefaultRoleAndTokens()" classname="com.projectmanagementsaas.auth.service.AuthServiceTest" time="0.125"/>
  <testcase name="resetPasswordChangesPasswordAndMarksTokenUsed()" classname="com.projectmanagementsaas.auth.service.AuthServiceTest" time="0.168"/>
  <testcase name="refreshRotatesRefreshToken()" classname="com.projectmanagementsaas.auth.service.AuthServiceTest" time="0.003"/>
  <testcase name="forgotPasswordCreatesResetTokenForKnownUser()" classname="com.projectmanagementsaas.auth.service.AuthServiceTest" time="0.003"/>
  <system-out><![CDATA[]]></system-out>
  <system-err><![CDATA[WARNING: A Java agent has been loaded dynamically (/Users/tejamaheshneerukonda/.gradle/caches/modules-2/files-2.1/net.bytebuddy/byte-buddy-agent/1.14.19/154da3a65b4f4a909d3e5bdec55d1b2b4cbb6ce1/byte-buddy-agent-1.14.19.jar)
WARNING: If a serviceability tool is in use, please run with -XX:+EnableDynamicAgentLoading to hide this warning
WARNING: If a serviceability tool is not in use, please run with -Djdk.instrument.traceUsage for more information
WARNING: Dynamic loading of agents will be disallowed by default in a future release
]]></system-err>
</testsuite>
